<?xml version="1.0" encoding="UTF-8"?>
<!-- Generated by org.testng.reporters.JUnitReportReporter -->
<testsuite hostname="DESKTOP-S9QRJJD" failures="0" tests="1" name="com.ibm.Selenium_Project.Activity_3" time="6.909" errors="0" timestamp="2021-10-22T09:16:49 IST" skipped="0">
  <testcase classname="com.ibm.Selenium_Project.Activity_3" name="getUrl" time="6.909"/>
  <system-out/>
</testsuite> <!-- com.ibm.Selenium_Project.Activity_3 -->
