<?xml version="1.0" encoding="UTF-8"?>
<!-- Generated by org.testng.reporters.JUnitReportReporter -->
<testsuite hostname="DESKTOP-S9QRJJD" failures="0" tests="1" name="com.ibm.Selenium_Project.Activity_5" time="8.624" errors="0" timestamp="2021-10-22T09:41:54 IST" skipped="0">
  <testcase classname="com.ibm.Selenium_Project.Activity_5" name="jobPage" time="8.624"/>
  <system-out/>
</testsuite> <!-- com.ibm.Selenium_Project.Activity_5 -->
