<?xml version="1.0" encoding="UTF-8"?>
<!-- Generated by org.testng.reporters.JUnitReportReporter -->
<testsuite hostname="DESKTOP-S9QRJJD" failures="0" tests="1" name="com.ibm.Selenium_Project.Activity_2" time="7.831" errors="0" timestamp="2021-10-22T09:08:39 IST" skipped="0">
  <testcase classname="com.ibm.Selenium_Project.Activity_2" name="getHeading" time="7.831"/>
  <system-out/>
</testsuite> <!-- com.ibm.Selenium_Project.Activity_2 -->
