<?xml version="1.0" encoding="UTF-8"?>
<!-- Generated by org.testng.reporters.JUnitReportReporter -->
<testsuite hostname="DESKTOP-S9QRJJD" failures="0" tests="1" name="com.ibm.Selenium_Project.Activity_6" time="8.568" errors="0" timestamp="2021-10-22T10:58:46 IST" skipped="0">
  <testcase classname="com.ibm.Selenium_Project.Activity_6" name="searchJob" time="8.568"/>
  <system-out/>
</testsuite> <!-- com.ibm.Selenium_Project.Activity_6 -->
