<?xml version="1.0" encoding="UTF-8"?>
<!-- Generated by org.testng.reporters.JUnitReportReporter -->
<testsuite hostname="DESKTOP-S9QRJJD" failures="0" tests="1" name="com.ibm.Selenium_Project.Activity_1" time="9.887" errors="0" timestamp="2021-11-18T10:37:42 IST" skipped="0">
  <testcase classname="com.ibm.Selenium_Project.Activity_1" name="getTitle" time="9.887"/>
  <system-out/>
</testsuite> <!-- com.ibm.Selenium_Project.Activity_1 -->
